app/build/outputs/mapping/debug/seeds.txt
com.example.koreankeyboard.MainActivity
com.example.koreankeyboard.SettingsActivity
com.example.koreankeyboard.services.CustomInputMethodService
com.example.koreankeyboard.AllDoneActivity
com.example.koreankeyboard.EnableKeyboardActivity
com.example.koreankeyboard.ThemesActivity
com.example.koreankeyboard.HowToUseActivity
com.example.koreankeyboard.views.CustomKeyboardView
com.example.koreankeyboard.MicPermissionActivity
com.example.koreankeyboard.SplashScreenActivity
com.example.koreankeyboard.views.CustomKeyboardView: void setMinimumHeight(int)
com.example.koreankeyboard.MicPermissionActivity: MicPermissionActivity()
com.example.koreankeyboard.views.CustomKeyboardView: void setCustomInputMethodService(com.example.koreankeyboard.services.CustomInputMethodService)
com.example.koreankeyboard.ThemesActivity: ThemesActivity()
com.example.koreankeyboard.views.CandidateView: com.github.zagum.speechrecognitionview.RecognitionProgressView getVoiceAnimView()
com.example.koreankeyboard.views.CustomKeyboardView: com.example.koreankeyboard.services.CustomInputMethodService getCustomInputMethodService()
com.example.koreankeyboard.SettingsActivity: SettingsActivity()
com.example.koreankeyboard.SplashScreenActivity: SplashScreenActivity()
com.example.koreankeyboard.HowToUseActivity: HowToUseActivity()
com.example.koreankeyboard.views.CustomKeyboardView: com.example.koreankeyboard.utils.KeyboardClass getKeyboard()
com.example.koreankeyboard.AllDoneActivity: AllDoneActivity()
com.example.koreankeyboard.MainActivity: MainActivity()
com.example.koreankeyboard.EnableKeyboardActivity: EnableKeyboardActivity()
com.example.koreankeyboard.views.CustomKeyboardView: CustomKeyboardView(android.content.Context,android.util.AttributeSet)
com.example.koreankeyboard.views.CandidateView: void setService(com.example.koreankeyboard.services.CustomInputMethodService)
com.example.koreankeyboard.views.CustomKeyboardView: android.inputmethodservice.Keyboard getKeyboard()
com.example.koreankeyboard.views.CandidateView: void setSuggestions(java.util.List)
com.example.koreankeyboard.services.CustomInputMethodService: CustomInputMethodService()
...
com.google.android.gms.common.data.DataHolder
com.google.mlkit.nl.translate.TranslatorImpl
com.google.android.material.internal.NavigationMenuItemView
androidx.annotation.Keep
com.google.mlkit.common.internal.CommonComponentRegistrar
androidx.savedstate.Recreator
androidx.versionedparcelable.ParcelImpl
com.google.android.material.textfield.TextInputLayout
com.google.android.material.appbar.AppBarLayout$Behavior
com.google.android.material.datepicker.MaterialDatePicker
androidx.core.app.RemoteActionCompatParcelizer
android.support.v4.app.RemoteActionCompatParcelizer
androidx.constraintlayout.widget.ConstraintLayout
com.google.android.material.timepicker.TimePickerView
com.google.android.material.appbar.MaterialToolbar
androidx.appcompat.widget.FitWindowsLinearLayout
com.google.android.gms.common.internal.ReflectedParcelable
androidx.activity.ComponentActivity$4
androidx.core.widget.NestedScrollView
com.google.android.material.behavior.HideBottomViewOnScrollBehavior
androidx.lifecycle.SavedStateHandleController$1
com.google.android.gms.internal.mlkit_translate.zzhe: int zzg
com.google.android.gms.internal.mlkit_translate.zzda: com.google.android.gms.internal.mlkit_translate.zzda zzh
com.google.android.gms.internal.mlkit_translate.zzaeu: java.lang.String zzh
com.google.android.gms.internal.mlkit_translate.zzlg: int zzi
com.google.android.gms.internal.mlkit_translate.zzgq: com.google.android.gms.internal.mlkit_translate.zzdi zzY
com.google.android.gms.internal.mlkit_translate.zzkg: com.google.android.gms.internal.mlkit_translate.zzgz zze
com.google.android.gms.phenotype.ExperimentTokens: android.os.Parcelable$Creator CREATOR
com.google.android.gms.internal.mlkit_translate.zzew: int zzb
com.google.android.gms.internal.mlkit_translate.zzaeu: int zzm
com.google.android.gms.internal.mlkit_translate.zzcl: com.google.android.gms.internal.mlkit_translate.zzabj zzh
com.google.android.gms.internal.mlkit_translate.zzjg: com.google.android.gms.internal.mlkit_translate.zzgv zzg
com.google.android.gms.internal.mlkit_translate.zzgq: com.google.android.gms.internal.mlkit_translate.zzhu zzj
com.google.android.gms.internal.mlkit_translate.zzgz: boolean zzh
com.google.android.gms.internal.mlkit_translate.zzpb: com.google.android.gms.internal.mlkit_translate.zzabh zzb
com.google.android.gms.internal.mlkit_translate.zzcl: int zze
com.google.android.gms.internal.mlkit_translate.zzch: com.google.android.gms.internal.mlkit_translate.zzgv zzg
com.google.android.gms.internal.mlkit_translate.zzgq: com.google.android.gms.internal.mlkit_translate.zzhi zzag
com.google.android.gms.internal.mlkit_translate.zzda: com.google.android.gms.internal.mlkit_translate.zzfu zzg
com.google.android.gms.internal.mlkit_translate.zzjp: float zzf
com.google.android.gms.internal.mlkit_translate.zzfu: long zzf
com.google.android.gms.internal.mlkit_translate.zzgz: boolean zzi
com.google.android.gms.signin.internal.zab: android.os.Parcelable$Creator CREATOR
com.google.android.gms.internal.mlkit_translate.zzjn: com.google.android.gms.internal.mlkit_translate.zzabi zzg
com.google.android.gms.internal.mlkit_translate.zzaei: java.lang.String zzf
com.google.android.gms.internal.mlkit_translate.zzgq: com.google.android.gms.internal.mlkit_translate.zzmk zzg
com.google.android.gms.internal.mlkit_translate.zzcr: com.google.android.gms.internal.mlkit_translate.zzabh zzl
com.google.android.gms.internal.mlkit_translate.zzafv: int zzb
com.google.android.gms.internal.mlkit_translate.zzgq: com.google.android.gms.internal.mlkit_translate.zzde zzW
com.google.android.gms.internal.mlkit_translate.zzdu: com.google.android.gms.internal.mlkit_translate.zzig zzf
com.google.android.gms.internal.mlkit_translate.zzkk: int zzb
com.google.android.gms.internal.mlkit_translate.zzaez: java.lang.String zze
com.google.android.gms.internal.mlkit_translate.zzaei: java.lang.String zzm
com.google.android.gms.internal.mlkit_translate.zzic: boolean zzl