app/build/outputs/mapping/debug/mapping.txt
# compiler: R8
# compiler_version: 3.0.73
# min_api: 30
# pg_map_id: d01afab
# common_typos_disable
com.example.koreankeyboard.AllDoneActivity -> com.example.koreankeyboard.AllDoneActivity:
    com.example.koreankeyboard.databinding.ActivityAllDoneBinding binding -> o
    10:10:void <init>() -> <init>
    void $r8$lambda$GVk0zE9mgI-m7YnDzNj16F6BCAU(com.example.koreankeyboard.AllDoneActivity) -> L
    void $r8$lambda$OpcmzWZtDpHjtvKG-jZxt00t9eQ(com.example.koreankeyboard.AllDoneActivity) -> M
    void $r8$lambda$gvvBFBJWeZIpWCHtjQu9OFE8K-s(com.example.koreankeyboard.AllDoneActivity) -> N
    void $r8$lambda$uWHNqt1pKWSBk_HQ6F9eniy3aEc(com.example.koreankeyboard.AllDoneActivity) -> O
    void $r8$lambda$zeSDiylAD-nJZA4whJXdUUmOrQs(com.example.koreankeyboard.AllDoneActivity,android.view.View) -> P
    18:20:void onCreate$lambda-0(com.example.koreankeyboard.AllDoneActivity,android.view.View) -> Q
    23:33:void onCreate$lambda-4(com.example.koreankeyboard.AllDoneActivity) -> R
    25:32:void onCreate$lambda-4$lambda-3(com.example.koreankeyboard.AllDoneActivity) -> S
    27:31:void onCreate$lambda-4$lambda-3$lambda-2(com.example.koreankeyboard.AllDoneActivity) -> T
    29:30:void onCreate$lambda-4$lambda-3$lambda-2$lambda-1(com.example.koreankeyboard.AllDoneActivity) -> U
    13:35:void onCreate(android.os.Bundle) -> onCreate
com.example.koreankeyboard.EnableKeyboardActivity -> com.example.koreankeyboard.EnableKeyboardActivity:
    android.os.Handler handler -> p
    com.example.koreankeyboard.databinding.ActivityEnableKeyboardBinding binding -> o
    kotlin.Lazy runMainBanner$delegate -> q
    17:56:void <init>() -> <init>
    void $r8$lambda$--dHCX0wjA3x1RHsAKBbFs1WhZU(com.example.koreankeyboard.EnableKeyboardActivity,android.view.View) -> L
    void $r8$lambda$bAuJ8tCV2EUc1616brZM0q-ZtBI(android.view.View) -> M
    void $r8$lambda$bIfJ3xRS2rnQI8heYtUdk1MLk0g(com.example.koreankeyboard.EnableKeyboardActivity,android.view.View) -> N
    void $r8$lambda$uW9lCqgVGCmJLWcAdOY1x5U1Ui8(com.example.koreankeyboard.EnableKeyboardActivity) -> O
    17:17:com.example.koreankeyboard.databinding.ActivityEnableKeyboardBinding access$getBinding$p(com.example.koreankeyboard.EnableKeyboardActivity) -> P
    17:17:android.os.Handler access$getHandler$p(com.example.koreankeyboard.EnableKeyboardActivity) -> Q
    85:104:void checkKeyboardActivation() -> R
    92:92:void checkKeyboardActivation$lambda-2(android.view.View) -> S
    99:102:void checkKeyboardActivation$lambda-3(com.example.koreankeyboard.EnableKeyboardActivity,android.view.View) -> T
    56:56:java.lang.Runnable getRunMainBanner() -> U
    42:48:boolean isInputMethodSelected() -> V
    28:29:void onCreate$lambda-0(com.example.koreankeyboard.EnableKeyboardActivity,android.view.View) -> W
com.example.koreankeyboard.EnableKeyboardActivity$runMainBanner$2 -> com.example.koreankeyboard.EnableKeyboardActivity$a:
    com.example.koreankeyboard.EnableKeyboardActivity this$0 -> a
    56:56:java.lang.Object invoke() -> a
    57:57:com.example.koreankeyboard.EnableKeyboardActivity$runMainBanner$2$1 invoke() -> b
com.example.koreankeyboard.EnableKeyboardActivity$runMainBanner$2$1 -> com.example.koreankeyboard.EnableKeyboardActivity$a$a:
    com.example.koreankeyboard.EnableKeyboardActivity this$0 -> a
    57:57:void <init>(com.example.koreankeyboard.EnableKeyboardActivity) -> <init>
    59:70:void run() -> run
com.example.koreankeyboard.HowToUseActivity -> com.example.koreankeyboard.HowToUseActivity:
    com.example.koreankeyboard.databinding.ActivityHowToUseBinding binding -> o
    8:8:void <init>() -> <init>
    12:17:void onCreate(android.os.Bundle) -> onCreate
...
androidx.transition.ViewUtils -> z0.u:
    androidx.transition.ViewUtilsBase IMPL -> a
    android.util.Property TRANSITION_ALPHA -> b
    38:71:void <clinit>() -> <clinit>
    128:129:void clearNonTransitionAlpha(android.view.View) -> a
    111:111:float getTransitionAlpha(android.view.View) -> b
    100:101:androidx.transition.WindowIdImpl getWindowId(android.view.View) -> c
    119:120:void saveNonTransitionAlpha(android.view.View) -> d
    199:200:void setLeftTopRightBottom(android.view.View,int,int,int,int) -> e
    107:108:void setTransitionAlpha(android.view.View,float) -> f
    145:146:void setTransitionVisibility(android.view.View,int) -> g
    161:162:void transformMatrixToGlobal(android.view.View,android.graphics.Matrix) -> h
    177:178:void transformMatrixToLocal(android.view.View,android.graphics.Matrix) -> i
androidx.transition.ViewUtils$1 -> z0.u$a:
    57:57:void <init>(java.lang.Class,java.lang.String) -> <init>
    61:61:java.lang.Float get(android.view.View) -> a
    66:67:void set(android.view.View,java.lang.Float) -> b
    57:57:java.lang.Object get(java.lang.Object) -> get
    57:57:void set(java.lang.Object,java.lang.Object) -> set
androidx.transition.ViewUtils$2 -> z0.u$b:
    72:72:void <init>(java.lang.Class,java.lang.String) -> <init>
    76:76:android.graphics.Rect get(android.view.View) -> a
    81:82:void set(android.view.View,android.graphics.Rect) -> b
    72:72:java.lang.Object get(java.lang.Object) -> get
    72:72:void set(java.lang.Object,java.lang.Object) -> set
androidx.transition.ViewUtilsApi19 -> z0.v:
    boolean sTryHiddenTransitionAlpha -> a
    31:31:void <clinit>() -> <clinit>
    26:26:void <init>() -> <init>
    72:72:void clearNonTransitionAlpha(android.view.View) -> a
    67:67:void saveNonTransitionAlpha(android.view.View) -> c
androidx.transition.ViewUtilsApi21 -> z0.w:
    boolean sTryHiddenTransformMatrixToGlobal -> b
    boolean sTryHiddenTransformMatrixToLocal -> c
    33:41:void <clinit>() -> <clinit>
    28:28:void <init>() -> <init>
androidx.transition.ViewUtilsApi22 -> z0.x:
    boolean sTryHiddenSetLeftTopRightBottom -> d
    31:31:void <clinit>() -> <clinit>
    26:26:void <init>() -> <init>
androidx.transition.ViewUtilsApi23 -> z0.y:
    boolean sTryHiddenSetTransitionVisibility -> e
    32:32:void <clinit>() -> <clinit>
    27:27:void <init>() -> <init>
androidx.transition.ViewUtilsApi29 -> z0.z:
    27:27:void <init>() -> <init>
    36:36:float getTransitionAlpha(android.view.View) -> b
    46:47:void setLeftTopRightBottom(android.view.View,int,int,int,int) -> d
    31:32:void setTransitionAlpha(android.view.View,float) -> e
    41:42:void setTransitionVisibility(android.view.View,int) -> f
    51:52:void transformMatrixToGlobal(android.view.View,android.graphics.Matrix) -> g
    56:57:void transformMatrixToLocal(android.view.View,android.graphics.Matrix) -> h
androidx.transition.ViewUtilsBase -> z0.a0:
    32:32:void <init>() -> <init>
    void clearNonTransitionAlpha(android.view.View) -> a
    float getTransitionAlpha(android.view.View) -> b
    void saveNonTransitionAlpha(android.view.View) -> c
    void setLeftTopRightBottom(android.view.View,int,int,int,int) -> d
    void setTransitionAlpha(android.view.View,float) -> e
    void setTransitionVisibility(android.view.View,int) -> f
    void transformMatrixToGlobal(android.view.View,android.graphics.Matrix) -> g
    void transformMatrixToLocal(android.view.View,android.graphics.Matrix) -> h