app/build/outputs/mapping/debug/usage.txt
com.example.koreankeyboard.BuildConfig
com.example.koreankeyboard.R$anim
com.example.koreankeyboard.R$animator
com.example.koreankeyboard.R$attr
com.example.koreankeyboard.R$bool
com.example.koreankeyboard.R$color
com.example.koreankeyboard.R$dimen
com.example.koreankeyboard.R$drawable
com.example.koreankeyboard.R$id
com.example.koreankeyboard.R$integer
com.example.koreankeyboard.R$interpolator
com.example.koreankeyboard.R$layout
com.example.koreankeyboard.R$menu
com.example.koreankeyboard.R$mipmap
com.example.koreankeyboard.R$plurals
com.example.koreankeyboard.R$raw
com.example.koreankeyboard.R$string
com.example.koreankeyboard.R$style
com.example.koreankeyboard.R$styleable
com.example.koreankeyboard.R$xml
com.example.koreankeyboard.R
com.example.koreankeyboard.SettingsActivity:
    private boolean temp
com.example.koreankeyboard.classes.Misc$Companion:
    public final boolean isKeyBackgroundEnable(android.content.Context)
    public final void setIsKeyBackgroundEnable(android.content.Context,boolean)
    public final void setTheme(android.content.Context)
com.example.koreankeyboard.classes.Misc:
    public static final java.lang.String appUrl
    public static final java.lang.String data
    private static final java.lang.String keyboardSize
    private static final java.lang.String kyeBackground
    public static final java.lang.String logKey
    private static final java.lang.String selectedKeyboard
    public static final java.lang.String sound
    public static final java.lang.String suggestions
    public static final java.lang.String themeFromGallery
    private static final java.lang.String themeKey
    public static final java.lang.String vibrate
    public void <init>()
com.example.koreankeyboard.databinding.ActivityAllDoneBinding:
    public synthetic bridge android.view.View getRoot()
com.example.koreankeyboard.databinding.ActivityEnableKeyboardBinding:
    public synthetic bridge android.view.View getRoot()
com.example.koreankeyboard.databinding.ActivityHowToUseBinding:
    public synthetic bridge android.view.View getRoot()
com.example.koreankeyboard.databinding.ActivityMainBinding:
    public synthetic bridge android.view.View getRoot()
com.example.koreankeyboard.databinding.ActivityMicPermissionBinding
com.example.koreankeyboard.databinding.ActivitySettingsBinding:
    public synthetic bridge android.view.View getRoot()
com.example.koreankeyboard.databinding.ActivitySplashScreenBinding:
    public synthetic bridge android.view.View getRoot()
com.example.koreankeyboard.databinding.KeyboardLayoutBinding
com.example.koreankeyboard.databinding.KeyboardLayoutSBinding
com.example.koreankeyboard.databinding.KeyboardThemesDialogBinding:
    public synthetic bridge android.view.View getRoot()
com.example.koreankeyboard.databinding.LayoutCandidateBinding:
    public android.view.View getRoot()
    public static com.example.koreankeyboard.databinding.LayoutCandidateBinding inflate(android.view.LayoutInflater,android.view.ViewGroup)
com.example.koreankeyboard.databinding.TopBarBinding:
    public synthetic bridge android.view.View getRoot()
    public androidx.constraintlayout.widget.ConstraintLayout getRoot()
    public static com.example.koreankeyboard.databinding.TopBarBinding inflate(android.view.LayoutInflater)
    public static com.example.koreankeyboard.databinding.TopBarBinding inflate(android.view.LayoutInflater,android.view.ViewGroup,boolean)
com.example.koreankeyboard.interfaces.CandidateViewButtonOnClick:
    public abstract void onClickSettings()
com.example.koreankeyboard.services.CustomInputMethodService$onCreateCandidatesView$1:
    public void onClickSettings()
...
com.google.android.datatransport.runtime.dagger.Binds
com.google.android.datatransport.runtime.dagger.BindsInstance
com.google.android.datatransport.runtime.dagger.BindsOptionalOf
com.google.android.datatransport.runtime.dagger.Component$Builder
com.google.android.datatransport.runtime.dagger.Component$Factory
com.google.android.datatransport.runtime.dagger.Component
com.google.android.datatransport.runtime.dagger.Lazy
com.google.android.datatransport.runtime.dagger.MapKey
com.google.android.datatransport.runtime.dagger.MembersInjector
com.google.android.datatransport.runtime.dagger.Module
com.google.android.datatransport.runtime.dagger.Provides
com.google.android.datatransport.runtime.dagger.Reusable
com.google.android.datatransport.runtime.dagger.Subcomponent$Builder
com.google.android.datatransport.runtime.dagger.Subcomponent$Factory
com.google.android.datatransport.runtime.dagger.Subcomponent
com.google.android.datatransport.runtime.dagger.internal.AbstractMapFactory$Builder
com.google.android.datatransport.runtime.dagger.internal.AbstractMapFactory
com.google.android.datatransport.runtime.dagger.internal.Beta
com.google.android.datatransport.runtime.dagger.internal.ComponentDefinitionType
com.google.android.datatransport.runtime.dagger.internal.DaggerCollections
com.google.android.datatransport.runtime.dagger.internal.DelegateFactory
com.google.android.datatransport.runtime.dagger.internal.DoubleCheck:
    public static com.google.android.datatransport.runtime.dagger.Lazy lazy(javax.inject.Provider)
com.google.android.datatransport.runtime.dagger.internal.GwtIncompatible
com.google.android.datatransport.runtime.dagger.internal.InjectedFieldSignature
com.google.android.datatransport.runtime.dagger.internal.InstanceFactory:
    public static com.google.android.datatransport.runtime.dagger.internal.Factory createNullable(java.lang.Object)
    private static com.google.android.datatransport.runtime.dagger.internal.InstanceFactory nullInstanceFactory()
com.google.android.datatransport.runtime.dagger.internal.MapBuilder
com.google.android.datatransport.runtime.dagger.internal.MapFactory$1
com.google.android.datatransport.runtime.dagger.internal.MapFactory$Builder
com.google.android.datatransport.runtime.dagger.internal.MapFactory
com.google.android.datatransport.runtime.dagger.internal.MapProviderFactory$1
com.google.android.datatransport.runtime.dagger.internal.MapProviderFactory$Builder
com.google.android.datatransport.runtime.dagger.internal.MapProviderFactory
com.google.android.datatransport.runtime.dagger.internal.MembersInjectors$NoOpMembersInjector
com.google.android.datatransport.runtime.dagger.internal.MembersInjectors
com.google.android.datatransport.runtime.dagger.internal.MemoizedSentinel:
    public void <init>()
com.google.android.datatransport.runtime.dagger.internal.Preconditions:
    private void <init>()
    public static java.lang.Object checkNotNull(java.lang.Object,java.lang.String,java.lang.Object)
com.google.android.datatransport.runtime.dagger.internal.ProviderOfLazy
com.google.android.datatransport.runtime.dagger.internal.SetBuilder
com.google.android.datatransport.runtime.dagger.internal.SetFactory$1
com.google.android.datatransport.runtime.dagger.internal.SetFactory$Builder
com.google.android.datatransport.runtime.dagger.internal.SetFactory
com.google.android.datatransport.runtime.dagger.internal.SingleCheck
com.google.android.datatransport.runtime.dagger.multibindings.ClassKey
com.google.android.datatransport.runtime.dagger.multibindings.ElementsIntoSet
com.google.android.datatransport.runtime.dagger.multibindings.IntKey
com.google.android.datatransport.runtime.dagger.multibindings.IntoMap
com.google.android.datatransport.runtime.dagger.multibindings.IntoSet
com.google.android.datatransport.runtime.dagger.multibindings.LongKey
com.google.android.datatransport.runtime.dagger.multibindings.Multibinds
com.google.android.datatransport.runtime.dagger.multibindings.StringKey